[35m[Appium][39m Welcome to Appium v1.22.3
[35m[Appium][39m Non-default server args:
[35m[Appium][39m   port: 58721
[35m[Appium][39m   loglevel: info
[35m[Appium][39m   tmpDir: C:\Users\admin\AppData\Local\Temp\\Katalon\Appium\Temp1678113949552
[35m[Appium][39m   chromedriverPort: 58722
[35m[Appium][39m Deprecated server args:
[35m[Appium][39m   [31m--chromedriver-port[39m => --default-capabilities
[35m[Appium][39m Default capabilities, which will be added to each request unless overridden by desired capabilities:
[35m[Appium][39m   chromedriverPort: 58722
[35m[Appium][39m Appium REST http interface listener started on 0.0.0.0:58721
[35m[HTTP][39m [37m-->[39m [37mGET[39m [37m/wd/hub/status[39m
[35m[HTTP][39m [90m{}[39m
[35m[HTTP][39m [37m<-- GET /wd/hub/status [39m[32m200[39m [90m7 ms - 68[39m
[35m[HTTP][39m [90m[39m
[35m[HTTP][39m [37m-->[39m [37mGET[39m [37m/wd/hub/status[39m
[35m[HTTP][39m [90m{}[39m
[35m[HTTP][39m [37m<-- GET /wd/hub/status [39m[32m200[39m [90m1 ms - 68[39m
[35m[HTTP][39m [90m[39m
[35m[HTTP][39m [37m-->[39m [37mPOST[39m [37m/wd/hub/session[39m
[35m[HTTP][39m [90m{"desiredCapabilities":{"app":"C:\\Users\\admin\\Katalon Studio\\ApiDemos.apk","noReset":true,"deviceName":"Xiaomi M2003J15SC (Android 12)","fullReset":false,"platform":"ANDROID","newCommandTimeout":1800,"platformVersion":"12","automationName":"uiautomator2","autoGrantPermissions":true,"platformName":"Android","udid":"05ed99800405","systemPort":58728},"capabilities":{"firstMatch":[{"appium:app":"C:\\Users\\admin\\Katalon Studio\\ApiDemos.apk","appium:autoGrantPermissions":true,"appium:automationName":"uiautomator2","appium:deviceName":"Xiaomi M2003J15SC (Android 12)","appium:fullReset":false,"appium:newCommandTimeout":1800,"appium:noReset":true,"platform":"ANDROID","platformName":"android","appium:platformVersion":"12","appium:systemPort":58728,"appium:udid":"05ed99800405"}]}}[39m
[35m[BaseDriver][39m The following capabilities are not standard capabilities and should have an extension prefix:
[35m[BaseDriver][39m   platform
[35m[BaseDriver][39m   chromedriverPort
[35m[Appium][39m Appium v1.22.3 creating new AndroidUiautomator2Driver (v1.70.1) session
[35m[BaseDriver][39m The following capabilities were provided, but are not recognized by Appium:
[35m[BaseDriver][39m   platform
[35m[BaseDriver][39m Session created with session id: 6ae04c3d-4e36-4bc8-86cb-6e9fb16be231
[35m[BaseDriver][39m Using local app 'C:\Users\admin\Katalon Studio\ApiDemos.apk'
[35m[ADB][39m Found 1 'build-tools' folders under 'C:\Users\admin\.katalon\tools\android_sdk' (newest first):
[35m[ADB][39m     C:/Users/admin/.katalon/tools/android_sdk/build-tools/29.0.3
[35m[ADB][39m Using 'adb.exe' from 'C:\Users\admin\.katalon\tools\android_sdk\platform-tools\adb.exe'
[35m[AndroidDriver][39m Retrieving device list
[35m[AndroidDriver][39m Using device: 05ed99800405
[35m[ADB][39m Using 'adb.exe' from 'C:\Users\admin\.katalon\tools\android_sdk\platform-tools\adb.exe'
[35m[ADB][39m Getting device platform version
[35m[UiAutomator2][39m Relaxing hidden api policy
[35m[ADB][39m Package name: 'io.appium.android.apis'
[35m[ADB][39m Main activity name: 'ApiDemos'
[35m[ADB][39m The application at 'C:\Users\admin\AppData\Roaming\npm\node_modules\appium\node_modules\io.appium.settings\apks\settings_apk-debug.apk' will not be cached, because the device under test has confirmed the support of streamed installs
[35m[ADB][39m The installation of 'settings_apk-debug.apk' took 17071ms
[35m[ADB][39m Using 'apksigner.jar' from 'C:\Users\admin\.katalon\tools\android_sdk\build-tools\29.0.3\lib\apksigner.jar'
[35m[ADB][39m 'C:\Users\admin\AppData\Roaming\npm\node_modules\appium\node_modules\appium-uiautomator2-server\apks\appium-uiautomator2-server-v4.27.0.apk' is signed with the default certificate
[35m[ADB][39m 'C:\Users\admin\AppData\Roaming\npm\node_modules\appium\node_modules\appium-uiautomator2-server\apks\appium-uiautomator2-server-debug-androidTest.apk' is signed with the default certificate
[35m[UiAutomator2][39m Server packages are going to be (re)installed
[35m[ADB][39m The application at 'C:\Users\admin\AppData\Roaming\npm\node_modules\appium\node_modules\appium-uiautomator2-server\apks\appium-uiautomator2-server-v4.27.0.apk' will not be cached, because the device under test has confirmed the support of streamed installs
[35m[ADB][39m The installation of 'appium-uiautomator2-server-v4.27.0.apk' took 14979ms
[35m[ADB][39m The application at 'C:\Users\admin\AppData\Roaming\npm\node_modules\appium\node_modules\appium-uiautomator2-server\apks\appium-uiautomator2-server-debug-androidTest.apk' will not be cached, because the device under test has confirmed the support of streamed installs
[35m[ADB][39m The installation of 'appium-uiautomator2-server-debug-androidTest.apk' took 10764ms
[35m[ADB][39m Adding packages ["io.appium.settings","io.appium.uiautomator2.server","io.appium.uiautomator2.server.test"] to Doze whitelist
[35m[ADB][39m 'C:\Users\admin\Katalon Studio\ApiDemos.apk' is signed with the default certificate
[35m[ADB][39m The application at 'C:\Users\admin\Katalon Studio\ApiDemos.apk' will not be cached, because the device under test has confirmed the support of streamed installs
[35m[ADB][39m The installation of 'ApiDemos.apk' took 8482ms
[35m[UiAutomator2][39m Starting UIAutomator2 server 4.27.0
[35m[UiAutomator2][39m Using UIAutomator2 server from 'C:\Users\admin\AppData\Roaming\npm\node_modules\appium\node_modules\appium-uiautomator2-server\apks\appium-uiautomator2-server-v4.27.0.apk' and test from 'C:\Users\admin\AppData\Roaming\npm\node_modules\appium\node_modules\appium-uiautomator2-server\apks\appium-uiautomator2-server-debug-androidTest.apk'
[35m[UiAutomator2][39m Waiting up to 30000ms for UiAutomator2 to be online...
[35m[WD Proxy][39m socket hang up
[35m[WD Proxy][39m socket hang up
[35m[WD Proxy][39m socket hang up
[35m[WD Proxy][39m socket hang up
[35m[WD Proxy][39m socket hang up
[35m[WD Proxy][39m socket hang up
[35m[WD Proxy][39m socket hang up
[35m[WD Proxy][39m socket hang up
[35m[WD Proxy][39m socket hang up
[35m[WD Proxy][39m socket hang up
[35m[WD Proxy][39m Determined the downstream protocol as 'W3C'
[35m[AndroidDriver][39m Screen already unlocked, doing nothing
[35m[UiAutomator2][39m Starting 'io.appium.android.apis/ApiDemos and waiting for 'io.appium.android.apis/ApiDemos'
[35m[Appium][39m New AndroidUiautomator2Driver session created successfully, session 6ae04c3d-4e36-4bc8-86cb-6e9fb16be231 added to master session list
[35m[HTTP][39m [37m<-- POST /wd/hub/session [39m[32m200[39m [90m73100 ms - 1262[39m
[35m[HTTP][39m [90m[39m
[35m[HTTP][39m [37m-->[39m [37mGET[39m [37m/wd/hub/session/6ae04c3d-4e36-4bc8-86cb-6e9fb16be231[39m
[35m[HTTP][39m [90m{}[39m
[35m[HTTP][39m [37m<-- GET /wd/hub/session/6ae04c3d-4e36-4bc8-86cb-6e9fb16be231 [39m[32m200[39m [90m13 ms - 1216[39m
[35m[HTTP][39m [90m[39m
[35m[HTTP][39m [37m-->[39m [37mGET[39m [37m/wd/hub/session/6ae04c3d-4e36-4bc8-86cb-6e9fb16be231[39m
[35m[HTTP][39m [90m{}[39m
[35m[HTTP][39m [37m<-- GET /wd/hub/session/6ae04c3d-4e36-4bc8-86cb-6e9fb16be231 [39m[32m200[39m [90m15 ms - 1216[39m
[35m[HTTP][39m [90m[39m
[35m[HTTP][39m [37m-->[39m [37mGET[39m [37m/wd/hub/status[39m
[35m[HTTP][39m [90m{}[39m
[35m[HTTP][39m [37m<-- GET /wd/hub/status [39m[32m200[39m [90m1 ms - 68[39m
[35m[HTTP][39m [90m[39m
[35m[HTTP][39m [37m-->[39m [37mPOST[39m [37m/wd/hub/session/6ae04c3d-4e36-4bc8-86cb-6e9fb16be231/timeouts[39m
[35m[HTTP][39m [90m{"implicit":60000}[39m
[35m[HTTP][39m [37m<-- POST /wd/hub/session/6ae04c3d-4e36-4bc8-86cb-6e9fb16be231/timeouts [39m[32m200[39m [90m6 ms - 14[39m
[35m[HTTP][39m [90m[39m
[35m[HTTP][39m [37m-->[39m [37mGET[39m [37m/wd/hub/session/6ae04c3d-4e36-4bc8-86cb-6e9fb16be231/source[39m
[35m[HTTP][39m [90m{}[39m
[35m[W3C (6ae04c3d)][39m Driver proxy active, passing request on via HTTP proxy
[35m[WD Proxy][39m Replacing sessionId 56307182-cef8-4980-b013-7838dee6e9e1 with 6ae04c3d-4e36-4bc8-86cb-6e9fb16be231
[35m[HTTP][39m [37m<-- GET /wd/hub/session/6ae04c3d-4e36-4bc8-86cb-6e9fb16be231/source [39m[32m200[39m [90m53 ms - 7193[39m
[35m[HTTP][39m [90m[39m
[35m[HTTP][39m [37m-->[39m [37mGET[39m [37m/wd/hub/session/6ae04c3d-4e36-4bc8-86cb-6e9fb16be231/screenshot[39m
[35m[HTTP][39m [90m{}[39m
[35m[HTTP][39m [37m<-- GET /wd/hub/session/6ae04c3d-4e36-4bc8-86cb-6e9fb16be231/screenshot [39m[32m200[39m [90m553 ms - 175792[39m
[35m[HTTP][39m [90m[39m
[35m[HTTP][39m [37m-->[39m [37mGET[39m [37m/wd/hub/session/6ae04c3d-4e36-4bc8-86cb-6e9fb16be231/context[39m
[35m[HTTP][39m [90m{}[39m
[35m[HTTP][39m [37m<-- GET /wd/hub/session/6ae04c3d-4e36-4bc8-86cb-6e9fb16be231/context [39m[32m200[39m [90m6 ms - 22[39m
[35m[HTTP][39m [90m[39m
[35m[HTTP][39m [37m-->[39m [37mGET[39m [37m/wd/hub/session/6ae04c3d-4e36-4bc8-86cb-6e9fb16be231/contexts[39m
[35m[HTTP][39m [90m{}[39m
[35m[HTTP][39m [37m<-- GET /wd/hub/session/6ae04c3d-4e36-4bc8-86cb-6e9fb16be231/contexts [39m[32m200[39m [90m106 ms - 24[39m
[35m[HTTP][39m [90m[39m
[35m[HTTP][39m [37m-->[39m [37mPOST[39m [37m/wd/hub/session/6ae04c3d-4e36-4bc8-86cb-6e9fb16be231/context[39m
[35m[HTTP][39m [90m{"name":"NATIVE_APP"}[39m
[35m[HTTP][39m [37m<-- POST /wd/hub/session/6ae04c3d-4e36-4bc8-86cb-6e9fb16be231/context [39m[32m200[39m [90m4 ms - 14[39m
[35m[HTTP][39m [90m[39m
[35m[HTTP][39m [37m-->[39m [37mPOST[39m [37m/wd/hub/session/6ae04c3d-4e36-4bc8-86cb-6e9fb16be231/touch/perform[39m
[35m[HTTP][39m [90m{"actions":[{"action":"press","options":{"x":0,"y":0}},{"action":"wait","options":{"ms":500}},{"action":"moveTo","options":{"x":0,"y":10}},{"action":"release","options":{}}]}[39m
[35m[HTTP][39m [37m<-- POST /wd/hub/session/6ae04c3d-4e36-4bc8-86cb-6e9fb16be231/touch/perform [39m[32m200[39m [90m1062 ms - 14[39m
[35m[HTTP][39m [90m[39m
[35m[HTTP][39m [37m-->[39m [37mPOST[39m [37m/wd/hub/session/6ae04c3d-4e36-4bc8-86cb-6e9fb16be231/context[39m
[35m[HTTP][39m [90m{"name":"NATIVE_APP"}[39m
[35m[HTTP][39m [37m<-- POST /wd/hub/session/6ae04c3d-4e36-4bc8-86cb-6e9fb16be231/context [39m[32m200[39m [90m6 ms - 14[39m
[35m[HTTP][39m [90m[39m
[35m[HTTP][39m [37m-->[39m [37mGET[39m [37m/wd/hub/session/6ae04c3d-4e36-4bc8-86cb-6e9fb16be231/source[39m
[35m[HTTP][39m [90m{}[39m
[35m[W3C (6ae04c3d)][39m Driver proxy active, passing request on via HTTP proxy
[35m[WD Proxy][39m Replacing sessionId 56307182-cef8-4980-b013-7838dee6e9e1 with 6ae04c3d-4e36-4bc8-86cb-6e9fb16be231
[35m[HTTP][39m [37m<-- GET /wd/hub/session/6ae04c3d-4e36-4bc8-86cb-6e9fb16be231/source [39m[32m200[39m [90m250 ms - 9550[39m
[35m[HTTP][39m [90m[39m
[35m[HTTP][39m [37m-->[39m [37mGET[39m [37m/wd/hub/session/6ae04c3d-4e36-4bc8-86cb-6e9fb16be231/screenshot[39m
[35m[HTTP][39m [90m{}[39m
[35m[HTTP][39m [37m<-- GET /wd/hub/session/6ae04c3d-4e36-4bc8-86cb-6e9fb16be231/screenshot [39m[32m200[39m [90m766 ms - 154080[39m
[35m[HTTP][39m [90m[39m
[35m[HTTP][39m [37m-->[39m [37mGET[39m [37m/wd/hub/session/6ae04c3d-4e36-4bc8-86cb-6e9fb16be231/contexts[39m
[35m[HTTP][39m [90m{}[39m
[35m[HTTP][39m [37m<-- GET /wd/hub/session/6ae04c3d-4e36-4bc8-86cb-6e9fb16be231/contexts [39m[32m200[39m [90m87 ms - 24[39m
[35m[HTTP][39m [90m[39m
[35m[HTTP][39m [37m-->[39m [37mPOST[39m [37m/wd/hub/session/6ae04c3d-4e36-4bc8-86cb-6e9fb16be231/context[39m
[35m[HTTP][39m [90m{"name":"NATIVE_APP"}[39m
[35m[HTTP][39m [37m<-- POST /wd/hub/session/6ae04c3d-4e36-4bc8-86cb-6e9fb16be231/context [39m[32m200[39m [90m1 ms - 14[39m
[35m[HTTP][39m [90m[39m
[35m[HTTP][39m [37m-->[39m [37mGET[39m [37m/wd/hub/session/6ae04c3d-4e36-4bc8-86cb-6e9fb16be231/source[39m
[35m[HTTP][39m [90m{}[39m
[35m[W3C (6ae04c3d)][39m Driver proxy active, passing request on via HTTP proxy
[35m[WD Proxy][39m Replacing sessionId 56307182-cef8-4980-b013-7838dee6e9e1 with 6ae04c3d-4e36-4bc8-86cb-6e9fb16be231
[35m[HTTP][39m [37m<-- GET /wd/hub/session/6ae04c3d-4e36-4bc8-86cb-6e9fb16be231/source [39m[32m200[39m [90m235 ms - 9550[39m
[35m[HTTP][39m [90m[39m
[35m[HTTP][39m [37m-->[39m [37mGET[39m [37m/wd/hub/session/6ae04c3d-4e36-4bc8-86cb-6e9fb16be231/screenshot[39m
[35m[HTTP][39m [90m{}[39m
[35m[HTTP][39m [37m<-- GET /wd/hub/session/6ae04c3d-4e36-4bc8-86cb-6e9fb16be231/screenshot [39m[32m200[39m [90m713 ms - 154080[39m
[35m[HTTP][39m [90m[39m
[35m[HTTP][39m [37m-->[39m [37mDELETE[39m [37m/wd/hub/session/6ae04c3d-4e36-4bc8-86cb-6e9fb16be231[39m
[35m[HTTP][39m [90m{}[39m
[35m[Appium][39m Removing session 6ae04c3d-4e36-4bc8-86cb-6e9fb16be231 from our master session list
[35m[UiAutomator2][39m Restoring hidden api policy to the device default configuration
[35m[HTTP][39m [37m<-- DELETE /wd/hub/session/6ae04c3d-4e36-4bc8-86cb-6e9fb16be231 [39m[32m200[39m [90m439 ms - 14[39m
[35m[HTTP][39m [90m[39m
